Analysis & Synthesis report for processor
Thu Nov 17 12:59:16 2022
Quartus Prime Version 17.0.0 Build 595 04/25/2017 SJ Lite Edition


---------------------
; Table of Contents ;
---------------------
  1. Legal Notice
  2. Analysis & Synthesis Summary
  3. Analysis & Synthesis Settings
  4. Parallel Compilation
  5. Analysis & Synthesis Source Files Read
  6. Analysis & Synthesis Resource Usage Summary
  7. Analysis & Synthesis Resource Utilization by Entity
  8. Analysis & Synthesis IP Cores Summary
  9. Registers Removed During Synthesis
 10. General Register Statistics
 11. Source assignments for imem:my_imem|altsyncram:altsyncram_component|altsyncram_o3a1:auto_generated
 12. Source assignments for dmem:my_dmem|altsyncram:altsyncram_component|altsyncram_0jf1:auto_generated
 13. Parameter Settings for User Entity Instance: imem:my_imem|altsyncram:altsyncram_component
 14. Parameter Settings for User Entity Instance: dmem:my_dmem|altsyncram:altsyncram_component
 15. altsyncram Parameter Settings by Entity Instance
 16. Port Connectivity Checks: "processor:my_processor|alu:alu1"
 17. Port Connectivity Checks: "processor:my_processor|insn_decoder:my_insnDecoder"
 18. Port Connectivity Checks: "processor:my_processor|control_decoder:my_controlDecoder"
 19. Port Connectivity Checks: "processor:my_processor|CSA:my_CSA|RCA:RCA_high2"
 20. Port Connectivity Checks: "processor:my_processor|CSA:my_CSA|RCA:RCA_high1"
 21. Port Connectivity Checks: "processor:my_processor|CSA:my_CSA|RCA:RCA_low|ripple_carry_adder_4b:RCA_4b_3"
 22. Port Connectivity Checks: "processor:my_processor|CSA:my_CSA|RCA:RCA_low|ripple_carry_adder_4b:RCA_4b_2"
 23. Port Connectivity Checks: "processor:my_processor|CSA:my_CSA|RCA:RCA_low|ripple_carry_adder_4b:RCA_4b_1"
 24. Port Connectivity Checks: "processor:my_processor|CSA:my_CSA|RCA:RCA_low"
 25. Port Connectivity Checks: "processor:my_processor|CSA:my_CSA"
 26. Port Connectivity Checks: "processor:my_processor|pc:my_pc"
 27. Port Connectivity Checks: "processor:my_processor"
 28. Port Connectivity Checks: "dmem:my_dmem"
 29. Port Connectivity Checks: "frequency_divider:frediv_1"
 30. Post-Synthesis Netlist Statistics for Top Partition
 31. Elapsed Time Per Partition
 32. Analysis & Synthesis Messages
 33. Analysis & Synthesis Suppressed Messages



----------------
; Legal Notice ;
----------------
Copyright (C) 2017  Intel Corporation. All rights reserved.
Your use of Intel Corporation's design tools, logic functions 
and other software and tools, and its AMPP partner logic 
functions, and any output files from any of the foregoing 
(including device programming or simulation files), and any 
associated documentation or information are expressly subject 
to the terms and conditions of the Intel Program License 
Subscription Agreement, the Intel Quartus Prime License Agreement,
the Intel MegaCore Function License Agreement, or other 
applicable license agreement, including, without limitation, 
that your use is for the sole purpose of programming logic 
devices manufactured by Intel and sold by Intel or its 
authorized distributors.  Please refer to the applicable 
agreement for further details.



+----------------------------------------------------------------------------------+
; Analysis & Synthesis Summary                                                     ;
+------------------------------------+---------------------------------------------+
; Analysis & Synthesis Status        ; Successful - Thu Nov 17 12:59:16 2022       ;
; Quartus Prime Version              ; 17.0.0 Build 595 04/25/2017 SJ Lite Edition ;
; Revision Name                      ; processor                                   ;
; Top-level Entity Name              ; skeleton                                    ;
; Family                             ; Cyclone IV E                                ;
; Total logic elements               ; 2                                           ;
;     Total combinational functions  ; 2                                           ;
;     Dedicated logic registers      ; 2                                           ;
; Total registers                    ; 2                                           ;
; Total pins                         ; 6                                           ;
; Total virtual pins                 ; 0                                           ;
; Total memory bits                  ; 0                                           ;
; Embedded Multiplier 9-bit elements ; 0                                           ;
; Total PLLs                         ; 0                                           ;
+------------------------------------+---------------------------------------------+


+----------------------------------------------------------------------------------------------------------------------+
; Analysis & Synthesis Settings                                                                                        ;
+----------------------------------------------------------------------------+--------------------+--------------------+
; Option                                                                     ; Setting            ; Default Value      ;
+----------------------------------------------------------------------------+--------------------+--------------------+
; Device                                                                     ; EP4CE115F29C7      ;                    ;
; Top-level entity name                                                      ; skeleton           ; processor          ;
; Family name                                                                ; Cyclone IV E       ; Cyclone V          ;
; Use smart compilation                                                      ; Off                ; Off                ;
; Enable parallel Assembler and TimeQuest Timing Analyzer during compilation ; On                 ; On                 ;
; Enable compact report table                                                ; Off                ; Off                ;
; Restructure Multiplexers                                                   ; Auto               ; Auto               ;
; Create Debugging Nodes for IP Cores                                        ; Off                ; Off                ;
; Preserve fewer node names                                                  ; On                 ; On                 ;
; OpenCore Plus hardware evaluation                                          ; Enable             ; Enable             ;
; Verilog Version                                                            ; Verilog_2001       ; Verilog_2001       ;
; VHDL Version                                                               ; VHDL_1993          ; VHDL_1993          ;
; State Machine Processing                                                   ; Auto               ; Auto               ;
; Safe State Machine                                                         ; Off                ; Off                ;
; Extract Verilog State Machines                                             ; On                 ; On                 ;
; Extract VHDL State Machines                                                ; On                 ; On                 ;
; Ignore Verilog initial constructs                                          ; Off                ; Off                ;
; Iteration limit for constant Verilog loops                                 ; 5000               ; 5000               ;
; Iteration limit for non-constant Verilog loops                             ; 250                ; 250                ;
; Add Pass-Through Logic to Inferred RAMs                                    ; On                 ; On                 ;
; Infer RAMs from Raw Logic                                                  ; On                 ; On                 ;
; Parallel Synthesis                                                         ; On                 ; On                 ;
; DSP Block Balancing                                                        ; Auto               ; Auto               ;
; NOT Gate Push-Back                                                         ; On                 ; On                 ;
; Power-Up Don't Care                                                        ; On                 ; On                 ;
; Remove Redundant Logic Cells                                               ; Off                ; Off                ;
; Remove Duplicate Registers                                                 ; On                 ; On                 ;
; Ignore CARRY Buffers                                                       ; Off                ; Off                ;
; Ignore CASCADE Buffers                                                     ; Off                ; Off                ;
; Ignore GLOBAL Buffers                                                      ; Off                ; Off                ;
; Ignore ROW GLOBAL Buffers                                                  ; Off                ; Off                ;
; Ignore LCELL Buffers                                                       ; Off                ; Off                ;
; Ignore SOFT Buffers                                                        ; On                 ; On                 ;
; Limit AHDL Integers to 32 Bits                                             ; Off                ; Off                ;
; Optimization Technique                                                     ; Balanced           ; Balanced           ;
; Carry Chain Length                                                         ; 70                 ; 70                 ;
; Auto Carry Chains                                                          ; On                 ; On                 ;
; Auto Open-Drain Pins                                                       ; On                 ; On                 ;
; Perform WYSIWYG Primitive Resynthesis                                      ; Off                ; Off                ;
; Auto ROM Replacement                                                       ; On                 ; On                 ;
; Auto RAM Replacement                                                       ; On                 ; On                 ;
; Auto DSP Block Replacement                                                 ; On                 ; On                 ;
; Auto Shift Register Replacement                                            ; Auto               ; Auto               ;
; Allow Shift Register Merging across Hierarchies                            ; Auto               ; Auto               ;
; Auto Clock Enable Replacement                                              ; On                 ; On                 ;
; Strict RAM Replacement                                                     ; Off                ; Off                ;
; Allow Synchronous Control Signals                                          ; On                 ; On                 ;
; Force Use of Synchronous Clear Signals                                     ; Off                ; Off                ;
; Auto RAM Block Balancing                                                   ; On                 ; On                 ;
; Auto RAM to Logic Cell Conversion                                          ; Off                ; Off                ;
; Auto Resource Sharing                                                      ; Off                ; Off                ;
; Allow Any RAM Size For Recognition                                         ; Off                ; Off                ;
; Allow Any ROM Size For Recognition                                         ; Off                ; Off                ;
; Allow Any Shift Register Size For Recognition                              ; Off                ; Off                ;
; Use LogicLock Constraints during Resource Balancing                        ; On                 ; On                 ;
; Ignore translate_off and synthesis_off directives                          ; Off                ; Off                ;
; Timing-Driven Synthesis                                                    ; On                 ; On                 ;
; Report Parameter Settings                                                  ; On                 ; On                 ;
; Report Source Assignments                                                  ; On                 ; On                 ;
; Report Connectivity Checks                                                 ; On                 ; On                 ;
; Ignore Maximum Fan-Out Assignments                                         ; Off                ; Off                ;
; Synchronization Register Chain Length                                      ; 2                  ; 2                  ;
; PowerPlay Power Optimization During Synthesis                              ; Normal compilation ; Normal compilation ;
; HDL message level                                                          ; Level2             ; Level2             ;
; Suppress Register Optimization Related Messages                            ; Off                ; Off                ;
; Number of Removed Registers Reported in Synthesis Report                   ; 5000               ; 5000               ;
; Number of Swept Nodes Reported in Synthesis Report                         ; 5000               ; 5000               ;
; Number of Inverted Registers Reported in Synthesis Report                  ; 100                ; 100                ;
; Clock MUX Protection                                                       ; On                 ; On                 ;
; Auto Gated Clock Conversion                                                ; Off                ; Off                ;
; Block Design Naming                                                        ; Auto               ; Auto               ;
; SDC constraint protection                                                  ; Off                ; Off                ;
; Synthesis Effort                                                           ; Auto               ; Auto               ;
; Shift Register Replacement - Allow Asynchronous Clear Signal               ; On                 ; On                 ;
; Pre-Mapping Resynthesis Optimization                                       ; Off                ; Off                ;
; Analysis & Synthesis Message Level                                         ; Medium             ; Medium             ;
; Disable Register Merging Across Hierarchies                                ; Auto               ; Auto               ;
; Resource Aware Inference For Block RAM                                     ; On                 ; On                 ;
+----------------------------------------------------------------------------+--------------------+--------------------+


+------------------------------------------+
; Parallel Compilation                     ;
+----------------------------+-------------+
; Processors                 ; Number      ;
+----------------------------+-------------+
; Number detected on machine ; 8           ;
; Maximum allowed            ; 4           ;
;                            ;             ;
; Average used               ; 1.00        ;
; Maximum used               ; 4           ;
;                            ;             ;
; Usage by Processor         ; % Time Used ;
;     Processor 1            ; 100.0%      ;
;     Processors 2-4         ;   0.0%      ;
+----------------------------+-------------+


+--------------------------------------------------------------------------------------------------------------------------------------------------------------------------------------------+
; Analysis & Synthesis Source Files Read                                                                                                                                                     ;
+----------------------------------+-----------------+----------------------------------------+------------------------------------------------------------------------------------+---------+
; File Name with User-Entered Path ; Used in Netlist ; File Type                              ; File Name with Absolute Path                                                       ; Library ;
+----------------------------------+-----------------+----------------------------------------+------------------------------------------------------------------------------------+---------+
; processor.v                      ; yes             ; User Verilog HDL File                  ; E:/Duke_Materials/22fall/550/Labs/Project4_SimpleProcessor/processor.v             ;         ;
; pc.v                             ; yes             ; User Verilog HDL File                  ; E:/Duke_Materials/22fall/550/Labs/Project4_SimpleProcessor/pc.v                    ;         ;
; extend.v                         ; yes             ; User Verilog HDL File                  ; E:/Duke_Materials/22fall/550/Labs/Project4_SimpleProcessor/extend.v                ;         ;
; Mux_1.v                          ; yes             ; User Verilog HDL File                  ; E:/Duke_Materials/22fall/550/Labs/Project4_SimpleProcessor/Mux_1.v                 ;         ;
; Mux_16.v                         ; yes             ; User Verilog HDL File                  ; E:/Duke_Materials/22fall/550/Labs/Project4_SimpleProcessor/Mux_16.v                ;         ;
; RCA.v                            ; yes             ; User Verilog HDL File                  ; E:/Duke_Materials/22fall/550/Labs/Project4_SimpleProcessor/RCA.v                   ;         ;
; ripple_carry_adder_4b.v          ; yes             ; User Verilog HDL File                  ; E:/Duke_Materials/22fall/550/Labs/Project4_SimpleProcessor/ripple_carry_adder_4b.v ;         ;
; regfile.v                        ; yes             ; User Verilog HDL File                  ; E:/Duke_Materials/22fall/550/Labs/Project4_SimpleProcessor/regfile.v               ;         ;
; CSA.v                            ; yes             ; User Verilog HDL File                  ; E:/Duke_Materials/22fall/550/Labs/Project4_SimpleProcessor/CSA.v                   ;         ;
; alu.v                            ; yes             ; User Verilog HDL File                  ; E:/Duke_Materials/22fall/550/Labs/Project4_SimpleProcessor/alu.v                   ;         ;
; insn_decoder.v                   ; yes             ; User Verilog HDL File                  ; E:/Duke_Materials/22fall/550/Labs/Project4_SimpleProcessor/insn_decoder.v          ;         ;
; dffe_ref.v                       ; yes             ; User Verilog HDL File                  ; E:/Duke_Materials/22fall/550/Labs/Project4_SimpleProcessor/dffe_ref.v              ;         ;
; frequency_divider.v              ; yes             ; User Verilog HDL File                  ; E:/Duke_Materials/22fall/550/Labs/Project4_SimpleProcessor/frequency_divider.v     ;         ;
; full_adder.v                     ; yes             ; User Verilog HDL File                  ; E:/Duke_Materials/22fall/550/Labs/Project4_SimpleProcessor/full_adder.v            ;         ;
; skeleton.v                       ; yes             ; User Verilog HDL File                  ; E:/Duke_Materials/22fall/550/Labs/Project4_SimpleProcessor/skeleton.v              ;         ;
; clk_div4.v                       ; yes             ; User Verilog HDL File                  ; E:/Duke_Materials/22fall/550/Labs/Project4_SimpleProcessor/clk_div4.v              ;         ;
; control_decoder.v                ; yes             ; User Verilog HDL File                  ; E:/Duke_Materials/22fall/550/Labs/Project4_SimpleProcessor/control_decoder.v       ;         ;
; imem.v                           ; yes             ; User Wizard-Generated File             ; E:/Duke_Materials/22fall/550/Labs/Project4_SimpleProcessor/imem.v                  ;         ;
; dmem.v                           ; yes             ; User Wizard-Generated File             ; E:/Duke_Materials/22fall/550/Labs/Project4_SimpleProcessor/dmem.v                  ;         ;
; altsyncram.tdf                   ; yes             ; Megafunction                           ; d:/intelfpga_lite/17.0/quartus/libraries/megafunctions/altsyncram.tdf              ;         ;
; stratix_ram_block.inc            ; yes             ; Megafunction                           ; d:/intelfpga_lite/17.0/quartus/libraries/megafunctions/stratix_ram_block.inc       ;         ;
; lpm_mux.inc                      ; yes             ; Megafunction                           ; d:/intelfpga_lite/17.0/quartus/libraries/megafunctions/lpm_mux.inc                 ;         ;
; lpm_decode.inc                   ; yes             ; Megafunction                           ; d:/intelfpga_lite/17.0/quartus/libraries/megafunctions/lpm_decode.inc              ;         ;
; aglobal170.inc                   ; yes             ; Megafunction                           ; d:/intelfpga_lite/17.0/quartus/libraries/megafunctions/aglobal170.inc              ;         ;
; a_rdenreg.inc                    ; yes             ; Megafunction                           ; d:/intelfpga_lite/17.0/quartus/libraries/megafunctions/a_rdenreg.inc               ;         ;
; altrom.inc                       ; yes             ; Megafunction                           ; d:/intelfpga_lite/17.0/quartus/libraries/megafunctions/altrom.inc                  ;         ;
; altram.inc                       ; yes             ; Megafunction                           ; d:/intelfpga_lite/17.0/quartus/libraries/megafunctions/altram.inc                  ;         ;
; altdpram.inc                     ; yes             ; Megafunction                           ; d:/intelfpga_lite/17.0/quartus/libraries/megafunctions/altdpram.inc                ;         ;
; db/altsyncram_o3a1.tdf           ; yes             ; Auto-Generated Megafunction            ; E:/Duke_Materials/22fall/550/Labs/Project4_SimpleProcessor/db/altsyncram_o3a1.tdf  ;         ;
; halfTestCases.mif                ; yes             ; Auto-Found Memory Initialization File  ; E:/Duke_Materials/22fall/550/Labs/Project4_SimpleProcessor/halfTestCases.mif       ;         ;
; db/altsyncram_0jf1.tdf           ; yes             ; Auto-Generated Megafunction            ; E:/Duke_Materials/22fall/550/Labs/Project4_SimpleProcessor/db/altsyncram_0jf1.tdf  ;         ;
+----------------------------------+-----------------+----------------------------------------+------------------------------------------------------------------------------------+---------+


+-----------------------------------------------------------+
; Analysis & Synthesis Resource Usage Summary               ;
+---------------------------------------------+-------------+
; Resource                                    ; Usage       ;
+---------------------------------------------+-------------+
; Estimated Total logic elements              ; 2           ;
;                                             ;             ;
; Total combinational functions               ; 2           ;
; Logic element usage by number of LUT inputs ;             ;
;     -- 4 input functions                    ; 0           ;
;     -- 3 input functions                    ; 0           ;
;     -- <=2 input functions                  ; 2           ;
;                                             ;             ;
; Logic elements by mode                      ;             ;
;     -- normal mode                          ; 2           ;
;     -- arithmetic mode                      ; 0           ;
;                                             ;             ;
; Total registers                             ; 2           ;
;     -- Dedicated logic registers            ; 2           ;
;     -- I/O registers                        ; 0           ;
;                                             ;             ;
; I/O pins                                    ; 6           ;
;                                             ;             ;
; Embedded Multiplier 9-bit elements          ; 0           ;
;                                             ;             ;
; Maximum fan-out node                        ; clock~input ;
; Maximum fan-out                             ; 4           ;
; Total fan-out                               ; 19          ;
; Average fan-out                             ; 1.19        ;
+---------------------------------------------+-------------+


+------------------------------------------------------------------------------------------------------------------------------------------------------------------------------------------------------------------+
; Analysis & Synthesis Resource Utilization by Entity                                                                                                                                                              ;
+----------------------------+---------------------+---------------------------+-------------+--------------+---------+-----------+------+--------------+-----------------------------+-------------+--------------+
; Compilation Hierarchy Node ; Combinational ALUTs ; Dedicated Logic Registers ; Memory Bits ; DSP Elements ; DSP 9x9 ; DSP 18x18 ; Pins ; Virtual Pins ; Full Hierarchy Name         ; Entity Name ; Library Name ;
+----------------------------+---------------------+---------------------------+-------------+--------------+---------+-----------+------+--------------+-----------------------------+-------------+--------------+
; |skeleton                  ; 2 (0)               ; 2 (0)                     ; 0           ; 0            ; 0       ; 0         ; 6    ; 0            ; |skeleton                   ; skeleton    ; work         ;
;    |clk_div4:frediv_4|     ; 2 (2)               ; 2 (2)                     ; 0           ; 0            ; 0       ; 0         ; 0    ; 0            ; |skeleton|clk_div4:frediv_4 ; clk_div4    ; work         ;
+----------------------------+---------------------+---------------------------+-------------+--------------+---------+-----------+------+--------------+-----------------------------+-------------+--------------+
Note: For table entries with two numbers listed, the numbers in parentheses indicate the number of resources of the given type used by the specific entity alone. The numbers listed outside of parentheses indicate the total resources of the given type used by the specific entity and all of its sub-entities in the hierarchy.


+----------------------------------------------------------------------------------------------------------+
; Analysis & Synthesis IP Cores Summary                                                                    ;
+--------+--------------+---------+--------------+--------------+------------------------+-----------------+
; Vendor ; IP Core Name ; Version ; Release Date ; License Type ; Entity Instance        ; IP Include File ;
+--------+--------------+---------+--------------+--------------+------------------------+-----------------+
; Altera ; RAM: 1-PORT  ; 17.0    ; N/A          ; N/A          ; |skeleton|dmem:my_dmem ; dmem.v          ;
; Altera ; ROM: 1-PORT  ; 17.0    ; N/A          ; N/A          ; |skeleton|imem:my_imem ; imem.v          ;
+--------+--------------+---------+--------------+--------------+------------------------+-----------------+


+-----------------------------------------------------------------------------------------------------------+
; Registers Removed During Synthesis                                                                        ;
+------------------------------------------------------------------+----------------------------------------+
; Register name                                                    ; Reason for Removal                     ;
+------------------------------------------------------------------+----------------------------------------+
; processor:my_processor|pc:my_pc|dffe_ref:dffe_loop[11].my_dffe|q ; Lost fanout                            ;
; processor:my_processor|pc:my_pc|dffe_ref:dffe_loop[10].my_dffe|q ; Lost fanout                            ;
; processor:my_processor|pc:my_pc|dffe_ref:dffe_loop[9].my_dffe|q  ; Lost fanout                            ;
; processor:my_processor|pc:my_pc|dffe_ref:dffe_loop[8].my_dffe|q  ; Lost fanout                            ;
; processor:my_processor|pc:my_pc|dffe_ref:dffe_loop[7].my_dffe|q  ; Lost fanout                            ;
; processor:my_processor|pc:my_pc|dffe_ref:dffe_loop[6].my_dffe|q  ; Lost fanout                            ;
; processor:my_processor|pc:my_pc|dffe_ref:dffe_loop[5].my_dffe|q  ; Lost fanout                            ;
; processor:my_processor|pc:my_pc|dffe_ref:dffe_loop[4].my_dffe|q  ; Lost fanout                            ;
; processor:my_processor|pc:my_pc|dffe_ref:dffe_loop[3].my_dffe|q  ; Lost fanout                            ;
; processor:my_processor|pc:my_pc|dffe_ref:dffe_loop[2].my_dffe|q  ; Lost fanout                            ;
; processor:my_processor|pc:my_pc|dffe_ref:dffe_loop[1].my_dffe|q  ; Lost fanout                            ;
; processor:my_processor|pc:my_pc|dffe_ref:dffe_loop[0].my_dffe|q  ; Lost fanout                            ;
; clk_div4:frediv_4|r_reg[1]                                       ; Stuck at GND due to stuck port data_in ;
; Total Number of Removed Registers = 13                           ;                                        ;
+------------------------------------------------------------------+----------------------------------------+


+------------------------------------------------------+
; General Register Statistics                          ;
+----------------------------------------------+-------+
; Statistic                                    ; Value ;
+----------------------------------------------+-------+
; Total registers                              ; 2     ;
; Number of registers using Synchronous Clear  ; 0     ;
; Number of registers using Synchronous Load   ; 0     ;
; Number of registers using Asynchronous Clear ; 2     ;
; Number of registers using Asynchronous Load  ; 0     ;
; Number of registers using Clock Enable       ; 0     ;
; Number of registers using Preset             ; 0     ;
+----------------------------------------------+-------+


+----------------------------------------------------------------------------------------------------+
; Source assignments for imem:my_imem|altsyncram:altsyncram_component|altsyncram_o3a1:auto_generated ;
+---------------------------------+--------------------+------+--------------------------------------+
; Assignment                      ; Value              ; From ; To                                   ;
+---------------------------------+--------------------+------+--------------------------------------+
; OPTIMIZE_POWER_DURING_SYNTHESIS ; NORMAL_COMPILATION ; -    ; -                                    ;
+---------------------------------+--------------------+------+--------------------------------------+


+----------------------------------------------------------------------------------------------------+
; Source assignments for dmem:my_dmem|altsyncram:altsyncram_component|altsyncram_0jf1:auto_generated ;
+---------------------------------+--------------------+------+--------------------------------------+
; Assignment                      ; Value              ; From ; To                                   ;
+---------------------------------+--------------------+------+--------------------------------------+
; OPTIMIZE_POWER_DURING_SYNTHESIS ; NORMAL_COMPILATION ; -    ; -                                    ;
+---------------------------------+--------------------+------+--------------------------------------+


+-------------------------------------------------------------------------------------------+
; Parameter Settings for User Entity Instance: imem:my_imem|altsyncram:altsyncram_component ;
+------------------------------------+----------------------+-------------------------------+
; Parameter Name                     ; Value                ; Type                          ;
+------------------------------------+----------------------+-------------------------------+
; BYTE_SIZE_BLOCK                    ; 8                    ; Untyped                       ;
; AUTO_CARRY_CHAINS                  ; ON                   ; AUTO_CARRY                    ;
; IGNORE_CARRY_BUFFERS               ; OFF                  ; IGNORE_CARRY                  ;
; AUTO_CASCADE_CHAINS                ; ON                   ; AUTO_CASCADE                  ;
; IGNORE_CASCADE_BUFFERS             ; OFF                  ; IGNORE_CASCADE                ;
; WIDTH_BYTEENA                      ; 1                    ; Untyped                       ;
; OPERATION_MODE                     ; ROM                  ; Untyped                       ;
; WIDTH_A                            ; 32                   ; Signed Integer                ;
; WIDTHAD_A                          ; 12                   ; Signed Integer                ;
; NUMWORDS_A                         ; 4096                 ; Signed Integer                ;
; OUTDATA_REG_A                      ; CLOCK0               ; Untyped                       ;
; ADDRESS_ACLR_A                     ; NONE                 ; Untyped                       ;
; OUTDATA_ACLR_A                     ; NONE                 ; Untyped                       ;
; WRCONTROL_ACLR_A                   ; NONE                 ; Untyped                       ;
; INDATA_ACLR_A                      ; NONE                 ; Untyped                       ;
; BYTEENA_ACLR_A                     ; NONE                 ; Untyped                       ;
; WIDTH_B                            ; 1                    ; Untyped                       ;
; WIDTHAD_B                          ; 1                    ; Untyped                       ;
; NUMWORDS_B                         ; 1                    ; Untyped                       ;
; INDATA_REG_B                       ; CLOCK1               ; Untyped                       ;
; WRCONTROL_WRADDRESS_REG_B          ; CLOCK1               ; Untyped                       ;
; RDCONTROL_REG_B                    ; CLOCK1               ; Untyped                       ;
; ADDRESS_REG_B                      ; CLOCK1               ; Untyped                       ;
; OUTDATA_REG_B                      ; UNREGISTERED         ; Untyped                       ;
; BYTEENA_REG_B                      ; CLOCK1               ; Untyped                       ;
; INDATA_ACLR_B                      ; NONE                 ; Untyped                       ;
; WRCONTROL_ACLR_B                   ; NONE                 ; Untyped                       ;
; ADDRESS_ACLR_B                     ; NONE                 ; Untyped                       ;
; OUTDATA_ACLR_B                     ; NONE                 ; Untyped                       ;
; RDCONTROL_ACLR_B                   ; NONE                 ; Untyped                       ;
; BYTEENA_ACLR_B                     ; NONE                 ; Untyped                       ;
; WIDTH_BYTEENA_A                    ; 1                    ; Signed Integer                ;
; WIDTH_BYTEENA_B                    ; 1                    ; Untyped                       ;
; RAM_BLOCK_TYPE                     ; AUTO                 ; Untyped                       ;
; BYTE_SIZE                          ; 8                    ; Untyped                       ;
; READ_DURING_WRITE_MODE_MIXED_PORTS ; DONT_CARE            ; Untyped                       ;
; READ_DURING_WRITE_MODE_PORT_A      ; NEW_DATA_NO_NBE_READ ; Untyped                       ;
; READ_DURING_WRITE_MODE_PORT_B      ; NEW_DATA_NO_NBE_READ ; Untyped                       ;
; INIT_FILE                          ; halfTestCases.mif    ; Untyped                       ;
; INIT_FILE_LAYOUT                   ; PORT_A               ; Untyped                       ;
; MAXIMUM_DEPTH                      ; 0                    ; Untyped                       ;
; CLOCK_ENABLE_INPUT_A               ; BYPASS               ; Untyped                       ;
; CLOCK_ENABLE_INPUT_B               ; NORMAL               ; Untyped                       ;
; CLOCK_ENABLE_OUTPUT_A              ; BYPASS               ; Untyped                       ;
; CLOCK_ENABLE_OUTPUT_B              ; NORMAL               ; Untyped                       ;
; CLOCK_ENABLE_CORE_A                ; USE_INPUT_CLKEN      ; Untyped                       ;
; CLOCK_ENABLE_CORE_B                ; USE_INPUT_CLKEN      ; Untyped                       ;
; ENABLE_ECC                         ; FALSE                ; Untyped                       ;
; ECC_PIPELINE_STAGE_ENABLED         ; FALSE                ; Untyped                       ;
; WIDTH_ECCSTATUS                    ; 3                    ; Untyped                       ;
; DEVICE_FAMILY                      ; Cyclone IV E         ; Untyped                       ;
; CBXI_PARAMETER                     ; altsyncram_o3a1      ; Untyped                       ;
+------------------------------------+----------------------+-------------------------------+
Note: In order to hide this table in the UI and the text report file, please set the "Show Parameter Settings in Synthesis Report" option in "Analysis and Synthesis Settings -> More Settings" to "Off".


+-------------------------------------------------------------------------------------------+
; Parameter Settings for User Entity Instance: dmem:my_dmem|altsyncram:altsyncram_component ;
+------------------------------------+----------------------+-------------------------------+
; Parameter Name                     ; Value                ; Type                          ;
+------------------------------------+----------------------+-------------------------------+
; BYTE_SIZE_BLOCK                    ; 8                    ; Untyped                       ;
; AUTO_CARRY_CHAINS                  ; ON                   ; AUTO_CARRY                    ;
; IGNORE_CARRY_BUFFERS               ; OFF                  ; IGNORE_CARRY                  ;
; AUTO_CASCADE_CHAINS                ; ON                   ; AUTO_CASCADE                  ;
; IGNORE_CASCADE_BUFFERS             ; OFF                  ; IGNORE_CASCADE                ;
; WIDTH_BYTEENA                      ; 1                    ; Untyped                       ;
; OPERATION_MODE                     ; SINGLE_PORT          ; Untyped                       ;
; WIDTH_A                            ; 32                   ; Signed Integer                ;
; WIDTHAD_A                          ; 12                   ; Signed Integer                ;
; NUMWORDS_A                         ; 4096                 ; Signed Integer                ;
; OUTDATA_REG_A                      ; CLOCK0               ; Untyped                       ;
; ADDRESS_ACLR_A                     ; NONE                 ; Untyped                       ;
; OUTDATA_ACLR_A                     ; NONE                 ; Untyped                       ;
; WRCONTROL_ACLR_A                   ; NONE                 ; Untyped                       ;
; INDATA_ACLR_A                      ; NONE                 ; Untyped                       ;
; BYTEENA_ACLR_A                     ; NONE                 ; Untyped                       ;
; WIDTH_B                            ; 1                    ; Untyped                       ;
; WIDTHAD_B                          ; 1                    ; Untyped                       ;
; NUMWORDS_B                         ; 1                    ; Untyped                       ;
; INDATA_REG_B                       ; CLOCK1               ; Untyped                       ;
; WRCONTROL_WRADDRESS_REG_B          ; CLOCK1               ; Untyped                       ;
; RDCONTROL_REG_B                    ; CLOCK1               ; Untyped                       ;
; ADDRESS_REG_B                      ; CLOCK1               ; Untyped                       ;
; OUTDATA_REG_B                      ; UNREGISTERED         ; Untyped                       ;
; BYTEENA_REG_B                      ; CLOCK1               ; Untyped                       ;
; INDATA_ACLR_B                      ; NONE                 ; Untyped                       ;
; WRCONTROL_ACLR_B                   ; NONE                 ; Untyped                       ;
; ADDRESS_ACLR_B                     ; NONE                 ; Untyped                       ;
; OUTDATA_ACLR_B                     ; NONE                 ; Untyped                       ;
; RDCONTROL_ACLR_B                   ; NONE                 ; Untyped                       ;
; BYTEENA_ACLR_B                     ; NONE                 ; Untyped                       ;
; WIDTH_BYTEENA_A                    ; 1                    ; Signed Integer                ;
; WIDTH_BYTEENA_B                    ; 1                    ; Untyped                       ;
; RAM_BLOCK_TYPE                     ; AUTO                 ; Untyped                       ;
; BYTE_SIZE                          ; 8                    ; Untyped                       ;
; READ_DURING_WRITE_MODE_MIXED_PORTS ; DONT_CARE            ; Untyped                       ;
; READ_DURING_WRITE_MODE_PORT_A      ; NEW_DATA_NO_NBE_READ ; Untyped                       ;
; READ_DURING_WRITE_MODE_PORT_B      ; NEW_DATA_NO_NBE_READ ; Untyped                       ;
; INIT_FILE                          ; UNUSED               ; Untyped                       ;
; INIT_FILE_LAYOUT                   ; PORT_A               ; Untyped                       ;
; MAXIMUM_DEPTH                      ; 0                    ; Untyped                       ;
; CLOCK_ENABLE_INPUT_A               ; BYPASS               ; Untyped                       ;
; CLOCK_ENABLE_INPUT_B               ; NORMAL               ; Untyped                       ;
; CLOCK_ENABLE_OUTPUT_A              ; BYPASS               ; Untyped                       ;
; CLOCK_ENABLE_OUTPUT_B              ; NORMAL               ; Untyped                       ;
; CLOCK_ENABLE_CORE_A                ; USE_INPUT_CLKEN      ; Untyped                       ;
; CLOCK_ENABLE_CORE_B                ; USE_INPUT_CLKEN      ; Untyped                       ;
; ENABLE_ECC                         ; FALSE                ; Untyped                       ;
; ECC_PIPELINE_STAGE_ENABLED         ; FALSE                ; Untyped                       ;
; WIDTH_ECCSTATUS                    ; 3                    ; Untyped                       ;
; DEVICE_FAMILY                      ; Cyclone IV E         ; Untyped                       ;
; CBXI_PARAMETER                     ; altsyncram_0jf1      ; Untyped                       ;
+------------------------------------+----------------------+-------------------------------+
Note: In order to hide this table in the UI and the text report file, please set the "Show Parameter Settings in Synthesis Report" option in "Analysis and Synthesis Settings -> More Settings" to "Off".


+------------------------------------------------------------------------------------------+
; altsyncram Parameter Settings by Entity Instance                                         ;
+-------------------------------------------+----------------------------------------------+
; Name                                      ; Value                                        ;
+-------------------------------------------+----------------------------------------------+
; Number of entity instances                ; 2                                            ;
; Entity Instance                           ; imem:my_imem|altsyncram:altsyncram_component ;
;     -- OPERATION_MODE                     ; ROM                                          ;
;     -- WIDTH_A                            ; 32                                           ;
;     -- NUMWORDS_A                         ; 4096                                         ;
;     -- OUTDATA_REG_A                      ; CLOCK0                                       ;
;     -- WIDTH_B                            ; 1                                            ;
;     -- NUMWORDS_B                         ; 1                                            ;
;     -- ADDRESS_REG_B                      ; CLOCK1                                       ;
;     -- OUTDATA_REG_B                      ; UNREGISTERED                                 ;
;     -- RAM_BLOCK_TYPE                     ; AUTO                                         ;
;     -- READ_DURING_WRITE_MODE_MIXED_PORTS ; DONT_CARE                                    ;
; Entity Instance                           ; dmem:my_dmem|altsyncram:altsyncram_component ;
;     -- OPERATION_MODE                     ; SINGLE_PORT                                  ;
;     -- WIDTH_A                            ; 32                                           ;
;     -- NUMWORDS_A                         ; 4096                                         ;
;     -- OUTDATA_REG_A                      ; CLOCK0                                       ;
;     -- WIDTH_B                            ; 1                                            ;
;     -- NUMWORDS_B                         ; 1                                            ;
;     -- ADDRESS_REG_B                      ; CLOCK1                                       ;
;     -- OUTDATA_REG_B                      ; UNREGISTERED                                 ;
;     -- RAM_BLOCK_TYPE                     ; AUTO                                         ;
;     -- READ_DURING_WRITE_MODE_MIXED_PORTS ; DONT_CARE                                    ;
+-------------------------------------------+----------------------------------------------+


+----------------------------------------------------------------------------------------------------------------------+
; Port Connectivity Checks: "processor:my_processor|alu:alu1"                                                          ;
+------------+--------+----------+-------------------------------------------------------------------------------------+
; Port       ; Type   ; Severity ; Details                                                                             ;
+------------+--------+----------+-------------------------------------------------------------------------------------+
; isNotEqual ; Output ; Info     ; Connected to dangling logic. Logic that only feeds a dangling port will be removed. ;
; isLessThan ; Output ; Info     ; Connected to dangling logic. Logic that only feeds a dangling port will be removed. ;
+------------+--------+----------+-------------------------------------------------------------------------------------+


+----------------------------------------------------------------------------------------------------------------+
; Port Connectivity Checks: "processor:my_processor|insn_decoder:my_insnDecoder"                                 ;
+------+--------+----------+-------------------------------------------------------------------------------------+
; Port ; Type   ; Severity ; Details                                                                             ;
+------+--------+----------+-------------------------------------------------------------------------------------+
; isLw ; Output ; Info     ; Connected to dangling logic. Logic that only feeds a dangling port will be removed. ;
+------+--------+----------+-------------------------------------------------------------------------------------+


+-------------------------------------------------------------------------------------------------------------------------+
; Port Connectivity Checks: "processor:my_processor|control_decoder:my_controlDecoder"                                    ;
+---------------+--------+----------+-------------------------------------------------------------------------------------+
; Port          ; Type   ; Severity ; Details                                                                             ;
+---------------+--------+----------+-------------------------------------------------------------------------------------+
; control[7..4] ; Output ; Info     ; Connected to dangling logic. Logic that only feeds a dangling port will be removed. ;
; control[1]    ; Output ; Info     ; Connected to dangling logic. Logic that only feeds a dangling port will be removed. ;
+---------------+--------+----------+-------------------------------------------------------------------------------------+


+-----------------------------------------------------------------------------+
; Port Connectivity Checks: "processor:my_processor|CSA:my_CSA|RCA:RCA_high2" ;
+------+-------+----------+---------------------------------------------------+
; Port ; Type  ; Severity ; Details                                           ;
+------+-------+----------+---------------------------------------------------+
; c_in ; Input ; Info     ; Stuck at VCC                                      ;
+------+-------+----------+---------------------------------------------------+


+-----------------------------------------------------------------------------+
; Port Connectivity Checks: "processor:my_processor|CSA:my_CSA|RCA:RCA_high1" ;
+------+-------+----------+---------------------------------------------------+
; Port ; Type  ; Severity ; Details                                           ;
+------+-------+----------+---------------------------------------------------+
; c_in ; Input ; Info     ; Stuck at GND                                      ;
+------+-------+----------+---------------------------------------------------+


+--------------------------------------------------------------------------------------------------------------------+
; Port Connectivity Checks: "processor:my_processor|CSA:my_CSA|RCA:RCA_low|ripple_carry_adder_4b:RCA_4b_3"           ;
+----------+--------+----------+-------------------------------------------------------------------------------------+
; Port     ; Type   ; Severity ; Details                                                                             ;
+----------+--------+----------+-------------------------------------------------------------------------------------+
; overflow ; Output ; Info     ; Connected to dangling logic. Logic that only feeds a dangling port will be removed. ;
+----------+--------+----------+-------------------------------------------------------------------------------------+


+--------------------------------------------------------------------------------------------------------------------+
; Port Connectivity Checks: "processor:my_processor|CSA:my_CSA|RCA:RCA_low|ripple_carry_adder_4b:RCA_4b_2"           ;
+----------+--------+----------+-------------------------------------------------------------------------------------+
; Port     ; Type   ; Severity ; Details                                                                             ;
+----------+--------+----------+-------------------------------------------------------------------------------------+
; overflow ; Output ; Info     ; Connected to dangling logic. Logic that only feeds a dangling port will be removed. ;
+----------+--------+----------+-------------------------------------------------------------------------------------+


+--------------------------------------------------------------------------------------------------------------------+
; Port Connectivity Checks: "processor:my_processor|CSA:my_CSA|RCA:RCA_low|ripple_carry_adder_4b:RCA_4b_1"           ;
+----------+--------+----------+-------------------------------------------------------------------------------------+
; Port     ; Type   ; Severity ; Details                                                                             ;
+----------+--------+----------+-------------------------------------------------------------------------------------+
; overflow ; Output ; Info     ; Connected to dangling logic. Logic that only feeds a dangling port will be removed. ;
+----------+--------+----------+-------------------------------------------------------------------------------------+


+--------------------------------------------------------------------------------------------------------------------+
; Port Connectivity Checks: "processor:my_processor|CSA:my_CSA|RCA:RCA_low"                                          ;
+----------+--------+----------+-------------------------------------------------------------------------------------+
; Port     ; Type   ; Severity ; Details                                                                             ;
+----------+--------+----------+-------------------------------------------------------------------------------------+
; overflow ; Output ; Info     ; Connected to dangling logic. Logic that only feeds a dangling port will be removed. ;
+----------+--------+----------+-------------------------------------------------------------------------------------+


+----------------------------------------------------------------------------------------------------------------------+
; Port Connectivity Checks: "processor:my_processor|CSA:my_CSA"                                                        ;
+------------+--------+----------+-------------------------------------------------------------------------------------+
; Port       ; Type   ; Severity ; Details                                                                             ;
+------------+--------+----------+-------------------------------------------------------------------------------------+
; in2[31..1] ; Input  ; Info     ; Stuck at GND                                                                        ;
; in2[0]     ; Input  ; Info     ; Stuck at VCC                                                                        ;
; cin        ; Input  ; Info     ; Stuck at GND                                                                        ;
; cout       ; Output ; Info     ; Connected to dangling logic. Logic that only feeds a dangling port will be removed. ;
; overflow   ; Output ; Info     ; Connected to dangling logic. Logic that only feeds a dangling port will be removed. ;
+------------+--------+----------+-------------------------------------------------------------------------------------+


+-------------------------------------------------------------+
; Port Connectivity Checks: "processor:my_processor|pc:my_pc" ;
+------+-------+----------+-----------------------------------+
; Port ; Type  ; Severity ; Details                           ;
+------+-------+----------+-----------------------------------+
; en   ; Input ; Info     ; Stuck at VCC                      ;
+------+-------+----------+-----------------------------------+


+------------------------------------------------------------------------------------------------------------------------+
; Port Connectivity Checks: "processor:my_processor"                                                                     ;
+--------------+--------+----------+-------------------------------------------------------------------------------------+
; Port         ; Type   ; Severity ; Details                                                                             ;
+--------------+--------+----------+-------------------------------------------------------------------------------------+
; address_dmem ; Output ; Info     ; Connected to dangling logic. Logic that only feeds a dangling port will be removed. ;
; data         ; Output ; Info     ; Connected to dangling logic. Logic that only feeds a dangling port will be removed. ;
; wren         ; Output ; Info     ; Connected to dangling logic. Logic that only feeds a dangling port will be removed. ;
+--------------+--------+----------+-------------------------------------------------------------------------------------+


+------------------------------------------------------+
; Port Connectivity Checks: "dmem:my_dmem"             ;
+---------+--------+----------+------------------------+
; Port    ; Type   ; Severity ; Details                ;
+---------+--------+----------+------------------------+
; address ; Input  ; Info     ; Explicitly unconnected ;
; data    ; Input  ; Info     ; Explicitly unconnected ;
; wren    ; Input  ; Info     ; Explicitly unconnected ;
; q       ; Output ; Info     ; Explicitly unconnected ;
+---------+--------+----------+------------------------+


+-------------------------------------------------------------------------------------------------------------------+
; Port Connectivity Checks: "frequency_divider:frediv_1"                                                            ;
+---------+--------+----------+-------------------------------------------------------------------------------------+
; Port    ; Type   ; Severity ; Details                                                                             ;
+---------+--------+----------+-------------------------------------------------------------------------------------+
; out_clk ; Output ; Info     ; Connected to dangling logic. Logic that only feeds a dangling port will be removed. ;
+---------+--------+----------+-------------------------------------------------------------------------------------+


+-----------------------------------------------------+
; Post-Synthesis Netlist Statistics for Top Partition ;
+-----------------------+-----------------------------+
; Type                  ; Count                       ;
+-----------------------+-----------------------------+
; boundary_port         ; 6                           ;
; cycloneiii_ff         ; 2                           ;
;     CLR               ; 2                           ;
; cycloneiii_lcell_comb ; 4                           ;
;     normal            ; 4                           ;
;         1 data inputs ; 3                           ;
;         2 data inputs ; 1                           ;
;                       ;                             ;
; Max LUT depth         ; 1.00                        ;
; Average LUT depth     ; 0.88                        ;
+-----------------------+-----------------------------+


+-------------------------------+
; Elapsed Time Per Partition    ;
+----------------+--------------+
; Partition Name ; Elapsed Time ;
+----------------+--------------+
; Top            ; 00:00:01     ;
+----------------+--------------+


+-------------------------------+
; Analysis & Synthesis Messages ;
+-------------------------------+
Info: *******************************************************************
Info: Running Quartus Prime Analysis & Synthesis
    Info: Version 17.0.0 Build 595 04/25/2017 SJ Lite Edition
    Info: Processing started: Thu Nov 17 12:58:58 2022
Info: Command: quartus_map --read_settings_files=on --write_settings_files=off processor -c processor
Warning (18236): Number of processors has not been specified which may cause overloading on shared machines.  Set the global assignment NUM_PARALLEL_PROCESSORS in your QSF to an appropriate value for best performance.
Info (20030): Parallel compilation is enabled and will use 4 of the 4 processors detected
Info (12021): Found 1 design units, including 1 entities, in source file skeleton_tb.v
    Info (12023): Found entity 1: skeleton_tb File: E:/Duke_Materials/22fall/550/Labs/Project4_SimpleProcessor/skeleton_tb.v Line: 2
Info (12021): Found 1 design units, including 1 entities, in source file processor.v
    Info (12023): Found entity 1: processor File: E:/Duke_Materials/22fall/550/Labs/Project4_SimpleProcessor/processor.v Line: 50
Info (12021): Found 1 design units, including 1 entities, in source file pc.v
    Info (12023): Found entity 1: pc File: E:/Duke_Materials/22fall/550/Labs/Project4_SimpleProcessor/pc.v Line: 1
Info (12021): Found 1 design units, including 1 entities, in source file extend.v
    Info (12023): Found entity 1: extend File: E:/Duke_Materials/22fall/550/Labs/Project4_SimpleProcessor/extend.v Line: 1
Info (12021): Found 1 design units, including 1 entities, in source file mux_1.v
    Info (12023): Found entity 1: Mux_1 File: E:/Duke_Materials/22fall/550/Labs/Project4_SimpleProcessor/Mux_1.v Line: 1
Info (12021): Found 1 design units, including 1 entities, in source file mux_16.v
    Info (12023): Found entity 1: Mux_16 File: E:/Duke_Materials/22fall/550/Labs/Project4_SimpleProcessor/Mux_16.v Line: 1
Info (12021): Found 1 design units, including 1 entities, in source file rca.v
    Info (12023): Found entity 1: RCA File: E:/Duke_Materials/22fall/550/Labs/Project4_SimpleProcessor/RCA.v Line: 1
Info (12021): Found 1 design units, including 1 entities, in source file ripple_carry_adder_4b.v
    Info (12023): Found entity 1: ripple_carry_adder_4b File: E:/Duke_Materials/22fall/550/Labs/Project4_SimpleProcessor/ripple_carry_adder_4b.v Line: 1
Info (12021): Found 1 design units, including 1 entities, in source file regfile.v
    Info (12023): Found entity 1: regfile File: E:/Duke_Materials/22fall/550/Labs/Project4_SimpleProcessor/regfile.v Line: 1
Info (12021): Found 1 design units, including 1 entities, in source file csa.v
    Info (12023): Found entity 1: CSA File: E:/Duke_Materials/22fall/550/Labs/Project4_SimpleProcessor/CSA.v Line: 1
Info (12021): Found 1 design units, including 1 entities, in source file alu.v
    Info (12023): Found entity 1: alu File: E:/Duke_Materials/22fall/550/Labs/Project4_SimpleProcessor/alu.v Line: 1
Info (12021): Found 1 design units, including 1 entities, in source file insn_decoder.v
    Info (12023): Found entity 1: insn_decoder File: E:/Duke_Materials/22fall/550/Labs/Project4_SimpleProcessor/insn_decoder.v Line: 1
Info (12021): Found 1 design units, including 1 entities, in source file dffe_ref.v
    Info (12023): Found entity 1: dffe_ref File: E:/Duke_Materials/22fall/550/Labs/Project4_SimpleProcessor/dffe_ref.v Line: 1
Info (12021): Found 1 design units, including 1 entities, in source file frequency_divider.v
    Info (12023): Found entity 1: frequency_divider File: E:/Duke_Materials/22fall/550/Labs/Project4_SimpleProcessor/frequency_divider.v Line: 1
Info (12021): Found 1 design units, including 1 entities, in source file full_adder.v
    Info (12023): Found entity 1: full_adder File: E:/Duke_Materials/22fall/550/Labs/Project4_SimpleProcessor/full_adder.v Line: 1
Info (12021): Found 1 design units, including 1 entities, in source file skeleton.v
    Info (12023): Found entity 1: skeleton File: E:/Duke_Materials/22fall/550/Labs/Project4_SimpleProcessor/skeleton.v Line: 12
Info (12021): Found 1 design units, including 1 entities, in source file clk_div4.v
    Info (12023): Found entity 1: clk_div4 File: E:/Duke_Materials/22fall/550/Labs/Project4_SimpleProcessor/clk_div4.v Line: 1
Info (12021): Found 1 design units, including 1 entities, in source file control_decoder.v
    Info (12023): Found entity 1: control_decoder File: E:/Duke_Materials/22fall/550/Labs/Project4_SimpleProcessor/control_decoder.v Line: 1
Info (12021): Found 1 design units, including 1 entities, in source file imem.v
    Info (12023): Found entity 1: imem File: E:/Duke_Materials/22fall/550/Labs/Project4_SimpleProcessor/imem.v Line: 40
Info (12021): Found 1 design units, including 1 entities, in source file dmem.v
    Info (12023): Found entity 1: dmem File: E:/Duke_Materials/22fall/550/Labs/Project4_SimpleProcessor/dmem.v Line: 40
Info (12127): Elaborating entity "skeleton" for the top level hierarchy
Info (12128): Elaborating entity "frequency_divider" for hierarchy "frequency_divider:frediv_1" File: E:/Duke_Materials/22fall/550/Labs/Project4_SimpleProcessor/skeleton.v Line: 24
Info (12128): Elaborating entity "clk_div4" for hierarchy "clk_div4:frediv_4" File: E:/Duke_Materials/22fall/550/Labs/Project4_SimpleProcessor/skeleton.v Line: 25
Warning (10230): Verilog HDL assignment warning at clk_div4.v(16): truncated value with size 3 to match size of target (2) File: E:/Duke_Materials/22fall/550/Labs/Project4_SimpleProcessor/clk_div4.v Line: 16
Warning (10230): Verilog HDL assignment warning at clk_div4.v(30): truncated value with size 32 to match size of target (2) File: E:/Duke_Materials/22fall/550/Labs/Project4_SimpleProcessor/clk_div4.v Line: 30
Info (12128): Elaborating entity "imem" for hierarchy "imem:my_imem" File: E:/Duke_Materials/22fall/550/Labs/Project4_SimpleProcessor/skeleton.v Line: 41
Info (12128): Elaborating entity "altsyncram" for hierarchy "imem:my_imem|altsyncram:altsyncram_component" File: E:/Duke_Materials/22fall/550/Labs/Project4_SimpleProcessor/imem.v Line: 82
Info (12130): Elaborated megafunction instantiation "imem:my_imem|altsyncram:altsyncram_component" File: E:/Duke_Materials/22fall/550/Labs/Project4_SimpleProcessor/imem.v Line: 82
Info (12133): Instantiated megafunction "imem:my_imem|altsyncram:altsyncram_component" with the following parameter: File: E:/Duke_Materials/22fall/550/Labs/Project4_SimpleProcessor/imem.v Line: 82
    Info (12134): Parameter "address_aclr_a" = "NONE"
    Info (12134): Parameter "clock_enable_input_a" = "BYPASS"
    Info (12134): Parameter "clock_enable_output_a" = "BYPASS"
    Info (12134): Parameter "init_file" = "halfTestCases.mif"
    Info (12134): Parameter "intended_device_family" = "Cyclone IV E"
    Info (12134): Parameter "lpm_hint" = "ENABLE_RUNTIME_MOD=NO"
    Info (12134): Parameter "lpm_type" = "altsyncram"
    Info (12134): Parameter "numwords_a" = "4096"
    Info (12134): Parameter "operation_mode" = "ROM"
    Info (12134): Parameter "outdata_aclr_a" = "NONE"
    Info (12134): Parameter "outdata_reg_a" = "CLOCK0"
    Info (12134): Parameter "widthad_a" = "12"
    Info (12134): Parameter "width_a" = "32"
    Info (12134): Parameter "width_byteena_a" = "1"
Info (12021): Found 1 design units, including 1 entities, in source file db/altsyncram_o3a1.tdf
    Info (12023): Found entity 1: altsyncram_o3a1 File: E:/Duke_Materials/22fall/550/Labs/Project4_SimpleProcessor/db/altsyncram_o3a1.tdf Line: 28
Info (12128): Elaborating entity "altsyncram_o3a1" for hierarchy "imem:my_imem|altsyncram:altsyncram_component|altsyncram_o3a1:auto_generated" File: d:/intelfpga_lite/17.0/quartus/libraries/megafunctions/altsyncram.tdf Line: 792
Info (12128): Elaborating entity "dmem" for hierarchy "dmem:my_dmem" File: E:/Duke_Materials/22fall/550/Labs/Project4_SimpleProcessor/skeleton.v Line: 56
Info (12128): Elaborating entity "altsyncram" for hierarchy "dmem:my_dmem|altsyncram:altsyncram_component" File: E:/Duke_Materials/22fall/550/Labs/Project4_SimpleProcessor/dmem.v Line: 86
Info (12130): Elaborated megafunction instantiation "dmem:my_dmem|altsyncram:altsyncram_component" File: E:/Duke_Materials/22fall/550/Labs/Project4_SimpleProcessor/dmem.v Line: 86
Info (12133): Instantiated megafunction "dmem:my_dmem|altsyncram:altsyncram_component" with the following parameter: File: E:/Duke_Materials/22fall/550/Labs/Project4_SimpleProcessor/dmem.v Line: 86
    Info (12134): Parameter "clock_enable_input_a" = "BYPASS"
    Info (12134): Parameter "clock_enable_output_a" = "BYPASS"
    Info (12134): Parameter "intended_device_family" = "Cyclone IV E"
    Info (12134): Parameter "lpm_hint" = "ENABLE_RUNTIME_MOD=NO"
    Info (12134): Parameter "lpm_type" = "altsyncram"
    Info (12134): Parameter "numwords_a" = "4096"
    Info (12134): Parameter "operation_mode" = "SINGLE_PORT"
    Info (12134): Parameter "outdata_aclr_a" = "NONE"
    Info (12134): Parameter "outdata_reg_a" = "CLOCK0"
    Info (12134): Parameter "power_up_uninitialized" = "FALSE"
    Info (12134): Parameter "read_during_write_mode_port_a" = "NEW_DATA_NO_NBE_READ"
    Info (12134): Parameter "widthad_a" = "12"
    Info (12134): Parameter "width_a" = "32"
    Info (12134): Parameter "width_byteena_a" = "1"
Info (12021): Found 1 design units, including 1 entities, in source file db/altsyncram_0jf1.tdf
    Info (12023): Found entity 1: altsyncram_0jf1 File: E:/Duke_Materials/22fall/550/Labs/Project4_SimpleProcessor/db/altsyncram_0jf1.tdf Line: 28
Info (12128): Elaborating entity "altsyncram_0jf1" for hierarchy "dmem:my_dmem|altsyncram:altsyncram_component|altsyncram_0jf1:auto_generated" File: d:/intelfpga_lite/17.0/quartus/libraries/megafunctions/altsyncram.tdf Line: 792
Info (12128): Elaborating entity "regfile" for hierarchy "regfile:my_regfile" File: E:/Duke_Materials/22fall/550/Labs/Project4_SimpleProcessor/skeleton.v Line: 74
Warning (10240): Verilog HDL Always Construct warning at regfile.v(15): inferring latch(es) for variable "i", which holds its previous value in one or more paths through the always construct File: E:/Duke_Materials/22fall/550/Labs/Project4_SimpleProcessor/regfile.v Line: 15
Info (12128): Elaborating entity "processor" for hierarchy "processor:my_processor" File: E:/Duke_Materials/22fall/550/Labs/Project4_SimpleProcessor/skeleton.v Line: 100
Warning (10230): Verilog HDL assignment warning at processor.v(161): truncated value with size 32 to match size of target (1) File: E:/Duke_Materials/22fall/550/Labs/Project4_SimpleProcessor/processor.v Line: 161
Info (12128): Elaborating entity "pc" for hierarchy "processor:my_processor|pc:my_pc" File: E:/Duke_Materials/22fall/550/Labs/Project4_SimpleProcessor/processor.v Line: 115
Info (12128): Elaborating entity "dffe_ref" for hierarchy "processor:my_processor|pc:my_pc|dffe_ref:dffe_loop[0].my_dffe" File: E:/Duke_Materials/22fall/550/Labs/Project4_SimpleProcessor/pc.v Line: 10
Info (12128): Elaborating entity "CSA" for hierarchy "processor:my_processor|CSA:my_CSA" File: E:/Duke_Materials/22fall/550/Labs/Project4_SimpleProcessor/processor.v Line: 119
Info (12128): Elaborating entity "RCA" for hierarchy "processor:my_processor|CSA:my_CSA|RCA:RCA_low" File: E:/Duke_Materials/22fall/550/Labs/Project4_SimpleProcessor/CSA.v Line: 13
Info (12128): Elaborating entity "ripple_carry_adder_4b" for hierarchy "processor:my_processor|CSA:my_CSA|RCA:RCA_low|ripple_carry_adder_4b:RCA_4b_1" File: E:/Duke_Materials/22fall/550/Labs/Project4_SimpleProcessor/RCA.v Line: 12
Info (12128): Elaborating entity "full_adder" for hierarchy "processor:my_processor|CSA:my_CSA|RCA:RCA_low|ripple_carry_adder_4b:RCA_4b_1|full_adder:u1" File: E:/Duke_Materials/22fall/550/Labs/Project4_SimpleProcessor/ripple_carry_adder_4b.v Line: 9
Info (12128): Elaborating entity "Mux_16" for hierarchy "processor:my_processor|CSA:my_CSA|Mux_16:mux1" File: E:/Duke_Materials/22fall/550/Labs/Project4_SimpleProcessor/CSA.v Line: 17
Info (12128): Elaborating entity "Mux_1" for hierarchy "processor:my_processor|CSA:my_CSA|Mux_1:mux2" File: E:/Duke_Materials/22fall/550/Labs/Project4_SimpleProcessor/CSA.v Line: 18
Info (12128): Elaborating entity "extend" for hierarchy "processor:my_processor|extend:extend1" File: E:/Duke_Materials/22fall/550/Labs/Project4_SimpleProcessor/processor.v Line: 136
Info (12128): Elaborating entity "control_decoder" for hierarchy "processor:my_processor|control_decoder:my_controlDecoder" File: E:/Duke_Materials/22fall/550/Labs/Project4_SimpleProcessor/processor.v Line: 138
Info (12128): Elaborating entity "insn_decoder" for hierarchy "processor:my_processor|insn_decoder:my_insnDecoder" File: E:/Duke_Materials/22fall/550/Labs/Project4_SimpleProcessor/processor.v Line: 139
Info (12128): Elaborating entity "alu" for hierarchy "processor:my_processor|alu:alu1" File: E:/Duke_Materials/22fall/550/Labs/Project4_SimpleProcessor/processor.v Line: 156
Warning (10270): Verilog HDL Case Statement warning at alu.v(25): incomplete case statement has no default case item File: E:/Duke_Materials/22fall/550/Labs/Project4_SimpleProcessor/alu.v Line: 25
Warning (14284): Synthesized away the following node(s):
    Warning (14285): Synthesized away the following RAM node(s):
        Warning (14320): Synthesized away node "dmem:my_dmem|altsyncram:altsyncram_component|altsyncram_0jf1:auto_generated|q_a[0]" File: E:/Duke_Materials/22fall/550/Labs/Project4_SimpleProcessor/db/altsyncram_0jf1.tdf Line: 37
        Warning (14320): Synthesized away node "dmem:my_dmem|altsyncram:altsyncram_component|altsyncram_0jf1:auto_generated|q_a[1]" File: E:/Duke_Materials/22fall/550/Labs/Project4_SimpleProcessor/db/altsyncram_0jf1.tdf Line: 60
        Warning (14320): Synthesized away node "dmem:my_dmem|altsyncram:altsyncram_component|altsyncram_0jf1:auto_generated|q_a[2]" File: E:/Duke_Materials/22fall/550/Labs/Project4_SimpleProcessor/db/altsyncram_0jf1.tdf Line: 83
        Warning (14320): Synthesized away node "dmem:my_dmem|altsyncram:altsyncram_component|altsyncram_0jf1:auto_generated|q_a[3]" File: E:/Duke_Materials/22fall/550/Labs/Project4_SimpleProcessor/db/altsyncram_0jf1.tdf Line: 106
        Warning (14320): Synthesized away node "dmem:my_dmem|altsyncram:altsyncram_component|altsyncram_0jf1:auto_generated|q_a[4]" File: E:/Duke_Materials/22fall/550/Labs/Project4_SimpleProcessor/db/altsyncram_0jf1.tdf Line: 129
        Warning (14320): Synthesized away node "dmem:my_dmem|altsyncram:altsyncram_component|altsyncram_0jf1:auto_generated|q_a[5]" File: E:/Duke_Materials/22fall/550/Labs/Project4_SimpleProcessor/db/altsyncram_0jf1.tdf Line: 152
        Warning (14320): Synthesized away node "dmem:my_dmem|altsyncram:altsyncram_component|altsyncram_0jf1:auto_generated|q_a[6]" File: E:/Duke_Materials/22fall/550/Labs/Project4_SimpleProcessor/db/altsyncram_0jf1.tdf Line: 175
        Warning (14320): Synthesized away node "dmem:my_dmem|altsyncram:altsyncram_component|altsyncram_0jf1:auto_generated|q_a[7]" File: E:/Duke_Materials/22fall/550/Labs/Project4_SimpleProcessor/db/altsyncram_0jf1.tdf Line: 198
        Warning (14320): Synthesized away node "dmem:my_dmem|altsyncram:altsyncram_component|altsyncram_0jf1:auto_generated|q_a[8]" File: E:/Duke_Materials/22fall/550/Labs/Project4_SimpleProcessor/db/altsyncram_0jf1.tdf Line: 221
        Warning (14320): Synthesized away node "dmem:my_dmem|altsyncram:altsyncram_component|altsyncram_0jf1:auto_generated|q_a[9]" File: E:/Duke_Materials/22fall/550/Labs/Project4_SimpleProcessor/db/altsyncram_0jf1.tdf Line: 244
        Warning (14320): Synthesized away node "dmem:my_dmem|altsyncram:altsyncram_component|altsyncram_0jf1:auto_generated|q_a[10]" File: E:/Duke_Materials/22fall/550/Labs/Project4_SimpleProcessor/db/altsyncram_0jf1.tdf Line: 267
        Warning (14320): Synthesized away node "dmem:my_dmem|altsyncram:altsyncram_component|altsyncram_0jf1:auto_generated|q_a[11]" File: E:/Duke_Materials/22fall/550/Labs/Project4_SimpleProcessor/db/altsyncram_0jf1.tdf Line: 290
        Warning (14320): Synthesized away node "dmem:my_dmem|altsyncram:altsyncram_component|altsyncram_0jf1:auto_generated|q_a[12]" File: E:/Duke_Materials/22fall/550/Labs/Project4_SimpleProcessor/db/altsyncram_0jf1.tdf Line: 313
        Warning (14320): Synthesized away node "dmem:my_dmem|altsyncram:altsyncram_component|altsyncram_0jf1:auto_generated|q_a[13]" File: E:/Duke_Materials/22fall/550/Labs/Project4_SimpleProcessor/db/altsyncram_0jf1.tdf Line: 336
        Warning (14320): Synthesized away node "dmem:my_dmem|altsyncram:altsyncram_component|altsyncram_0jf1:auto_generated|q_a[14]" File: E:/Duke_Materials/22fall/550/Labs/Project4_SimpleProcessor/db/altsyncram_0jf1.tdf Line: 359
        Warning (14320): Synthesized away node "dmem:my_dmem|altsyncram:altsyncram_component|altsyncram_0jf1:auto_generated|q_a[15]" File: E:/Duke_Materials/22fall/550/Labs/Project4_SimpleProcessor/db/altsyncram_0jf1.tdf Line: 382
        Warning (14320): Synthesized away node "dmem:my_dmem|altsyncram:altsyncram_component|altsyncram_0jf1:auto_generated|q_a[16]" File: E:/Duke_Materials/22fall/550/Labs/Project4_SimpleProcessor/db/altsyncram_0jf1.tdf Line: 405
        Warning (14320): Synthesized away node "dmem:my_dmem|altsyncram:altsyncram_component|altsyncram_0jf1:auto_generated|q_a[17]" File: E:/Duke_Materials/22fall/550/Labs/Project4_SimpleProcessor/db/altsyncram_0jf1.tdf Line: 428
        Warning (14320): Synthesized away node "dmem:my_dmem|altsyncram:altsyncram_component|altsyncram_0jf1:auto_generated|q_a[18]" File: E:/Duke_Materials/22fall/550/Labs/Project4_SimpleProcessor/db/altsyncram_0jf1.tdf Line: 451
        Warning (14320): Synthesized away node "dmem:my_dmem|altsyncram:altsyncram_component|altsyncram_0jf1:auto_generated|q_a[19]" File: E:/Duke_Materials/22fall/550/Labs/Project4_SimpleProcessor/db/altsyncram_0jf1.tdf Line: 474
        Warning (14320): Synthesized away node "dmem:my_dmem|altsyncram:altsyncram_component|altsyncram_0jf1:auto_generated|q_a[20]" File: E:/Duke_Materials/22fall/550/Labs/Project4_SimpleProcessor/db/altsyncram_0jf1.tdf Line: 497
        Warning (14320): Synthesized away node "dmem:my_dmem|altsyncram:altsyncram_component|altsyncram_0jf1:auto_generated|q_a[21]" File: E:/Duke_Materials/22fall/550/Labs/Project4_SimpleProcessor/db/altsyncram_0jf1.tdf Line: 520
        Warning (14320): Synthesized away node "dmem:my_dmem|altsyncram:altsyncram_component|altsyncram_0jf1:auto_generated|q_a[22]" File: E:/Duke_Materials/22fall/550/Labs/Project4_SimpleProcessor/db/altsyncram_0jf1.tdf Line: 543
        Warning (14320): Synthesized away node "dmem:my_dmem|altsyncram:altsyncram_component|altsyncram_0jf1:auto_generated|q_a[23]" File: E:/Duke_Materials/22fall/550/Labs/Project4_SimpleProcessor/db/altsyncram_0jf1.tdf Line: 566
        Warning (14320): Synthesized away node "dmem:my_dmem|altsyncram:altsyncram_component|altsyncram_0jf1:auto_generated|q_a[24]" File: E:/Duke_Materials/22fall/550/Labs/Project4_SimpleProcessor/db/altsyncram_0jf1.tdf Line: 589
        Warning (14320): Synthesized away node "dmem:my_dmem|altsyncram:altsyncram_component|altsyncram_0jf1:auto_generated|q_a[25]" File: E:/Duke_Materials/22fall/550/Labs/Project4_SimpleProcessor/db/altsyncram_0jf1.tdf Line: 612
        Warning (14320): Synthesized away node "dmem:my_dmem|altsyncram:altsyncram_component|altsyncram_0jf1:auto_generated|q_a[26]" File: E:/Duke_Materials/22fall/550/Labs/Project4_SimpleProcessor/db/altsyncram_0jf1.tdf Line: 635
        Warning (14320): Synthesized away node "dmem:my_dmem|altsyncram:altsyncram_component|altsyncram_0jf1:auto_generated|q_a[27]" File: E:/Duke_Materials/22fall/550/Labs/Project4_SimpleProcessor/db/altsyncram_0jf1.tdf Line: 658
        Warning (14320): Synthesized away node "dmem:my_dmem|altsyncram:altsyncram_component|altsyncram_0jf1:auto_generated|q_a[28]" File: E:/Duke_Materials/22fall/550/Labs/Project4_SimpleProcessor/db/altsyncram_0jf1.tdf Line: 681
        Warning (14320): Synthesized away node "dmem:my_dmem|altsyncram:altsyncram_component|altsyncram_0jf1:auto_generated|q_a[29]" File: E:/Duke_Materials/22fall/550/Labs/Project4_SimpleProcessor/db/altsyncram_0jf1.tdf Line: 704
        Warning (14320): Synthesized away node "dmem:my_dmem|altsyncram:altsyncram_component|altsyncram_0jf1:auto_generated|q_a[30]" File: E:/Duke_Materials/22fall/550/Labs/Project4_SimpleProcessor/db/altsyncram_0jf1.tdf Line: 727
        Warning (14320): Synthesized away node "dmem:my_dmem|altsyncram:altsyncram_component|altsyncram_0jf1:auto_generated|q_a[31]" File: E:/Duke_Materials/22fall/550/Labs/Project4_SimpleProcessor/db/altsyncram_0jf1.tdf Line: 750
        Warning (14320): Synthesized away node "imem:my_imem|altsyncram:altsyncram_component|altsyncram_o3a1:auto_generated|q_a[0]" File: E:/Duke_Materials/22fall/550/Labs/Project4_SimpleProcessor/db/altsyncram_o3a1.tdf Line: 35
        Warning (14320): Synthesized away node "imem:my_imem|altsyncram:altsyncram_component|altsyncram_o3a1:auto_generated|q_a[1]" File: E:/Duke_Materials/22fall/550/Labs/Project4_SimpleProcessor/db/altsyncram_o3a1.tdf Line: 57
        Warning (14320): Synthesized away node "imem:my_imem|altsyncram:altsyncram_component|altsyncram_o3a1:auto_generated|q_a[2]" File: E:/Duke_Materials/22fall/550/Labs/Project4_SimpleProcessor/db/altsyncram_o3a1.tdf Line: 79
        Warning (14320): Synthesized away node "imem:my_imem|altsyncram:altsyncram_component|altsyncram_o3a1:auto_generated|q_a[3]" File: E:/Duke_Materials/22fall/550/Labs/Project4_SimpleProcessor/db/altsyncram_o3a1.tdf Line: 101
        Warning (14320): Synthesized away node "imem:my_imem|altsyncram:altsyncram_component|altsyncram_o3a1:auto_generated|q_a[4]" File: E:/Duke_Materials/22fall/550/Labs/Project4_SimpleProcessor/db/altsyncram_o3a1.tdf Line: 123
        Warning (14320): Synthesized away node "imem:my_imem|altsyncram:altsyncram_component|altsyncram_o3a1:auto_generated|q_a[5]" File: E:/Duke_Materials/22fall/550/Labs/Project4_SimpleProcessor/db/altsyncram_o3a1.tdf Line: 145
        Warning (14320): Synthesized away node "imem:my_imem|altsyncram:altsyncram_component|altsyncram_o3a1:auto_generated|q_a[6]" File: E:/Duke_Materials/22fall/550/Labs/Project4_SimpleProcessor/db/altsyncram_o3a1.tdf Line: 167
        Warning (14320): Synthesized away node "imem:my_imem|altsyncram:altsyncram_component|altsyncram_o3a1:auto_generated|q_a[7]" File: E:/Duke_Materials/22fall/550/Labs/Project4_SimpleProcessor/db/altsyncram_o3a1.tdf Line: 189
        Warning (14320): Synthesized away node "imem:my_imem|altsyncram:altsyncram_component|altsyncram_o3a1:auto_generated|q_a[8]" File: E:/Duke_Materials/22fall/550/Labs/Project4_SimpleProcessor/db/altsyncram_o3a1.tdf Line: 211
        Warning (14320): Synthesized away node "imem:my_imem|altsyncram:altsyncram_component|altsyncram_o3a1:auto_generated|q_a[9]" File: E:/Duke_Materials/22fall/550/Labs/Project4_SimpleProcessor/db/altsyncram_o3a1.tdf Line: 233
        Warning (14320): Synthesized away node "imem:my_imem|altsyncram:altsyncram_component|altsyncram_o3a1:auto_generated|q_a[10]" File: E:/Duke_Materials/22fall/550/Labs/Project4_SimpleProcessor/db/altsyncram_o3a1.tdf Line: 255
        Warning (14320): Synthesized away node "imem:my_imem|altsyncram:altsyncram_component|altsyncram_o3a1:auto_generated|q_a[11]" File: E:/Duke_Materials/22fall/550/Labs/Project4_SimpleProcessor/db/altsyncram_o3a1.tdf Line: 277
        Warning (14320): Synthesized away node "imem:my_imem|altsyncram:altsyncram_component|altsyncram_o3a1:auto_generated|q_a[12]" File: E:/Duke_Materials/22fall/550/Labs/Project4_SimpleProcessor/db/altsyncram_o3a1.tdf Line: 299
        Warning (14320): Synthesized away node "imem:my_imem|altsyncram:altsyncram_component|altsyncram_o3a1:auto_generated|q_a[13]" File: E:/Duke_Materials/22fall/550/Labs/Project4_SimpleProcessor/db/altsyncram_o3a1.tdf Line: 321
        Warning (14320): Synthesized away node "imem:my_imem|altsyncram:altsyncram_component|altsyncram_o3a1:auto_generated|q_a[14]" File: E:/Duke_Materials/22fall/550/Labs/Project4_SimpleProcessor/db/altsyncram_o3a1.tdf Line: 343
        Warning (14320): Synthesized away node "imem:my_imem|altsyncram:altsyncram_component|altsyncram_o3a1:auto_generated|q_a[15]" File: E:/Duke_Materials/22fall/550/Labs/Project4_SimpleProcessor/db/altsyncram_o3a1.tdf Line: 365
        Warning (14320): Synthesized away node "imem:my_imem|altsyncram:altsyncram_component|altsyncram_o3a1:auto_generated|q_a[16]" File: E:/Duke_Materials/22fall/550/Labs/Project4_SimpleProcessor/db/altsyncram_o3a1.tdf Line: 387
        Warning (14320): Synthesized away node "imem:my_imem|altsyncram:altsyncram_component|altsyncram_o3a1:auto_generated|q_a[17]" File: E:/Duke_Materials/22fall/550/Labs/Project4_SimpleProcessor/db/altsyncram_o3a1.tdf Line: 409
        Warning (14320): Synthesized away node "imem:my_imem|altsyncram:altsyncram_component|altsyncram_o3a1:auto_generated|q_a[18]" File: E:/Duke_Materials/22fall/550/Labs/Project4_SimpleProcessor/db/altsyncram_o3a1.tdf Line: 431
        Warning (14320): Synthesized away node "imem:my_imem|altsyncram:altsyncram_component|altsyncram_o3a1:auto_generated|q_a[19]" File: E:/Duke_Materials/22fall/550/Labs/Project4_SimpleProcessor/db/altsyncram_o3a1.tdf Line: 453
        Warning (14320): Synthesized away node "imem:my_imem|altsyncram:altsyncram_component|altsyncram_o3a1:auto_generated|q_a[20]" File: E:/Duke_Materials/22fall/550/Labs/Project4_SimpleProcessor/db/altsyncram_o3a1.tdf Line: 475
        Warning (14320): Synthesized away node "imem:my_imem|altsyncram:altsyncram_component|altsyncram_o3a1:auto_generated|q_a[21]" File: E:/Duke_Materials/22fall/550/Labs/Project4_SimpleProcessor/db/altsyncram_o3a1.tdf Line: 497
        Warning (14320): Synthesized away node "imem:my_imem|altsyncram:altsyncram_component|altsyncram_o3a1:auto_generated|q_a[22]" File: E:/Duke_Materials/22fall/550/Labs/Project4_SimpleProcessor/db/altsyncram_o3a1.tdf Line: 519
        Warning (14320): Synthesized away node "imem:my_imem|altsyncram:altsyncram_component|altsyncram_o3a1:auto_generated|q_a[23]" File: E:/Duke_Materials/22fall/550/Labs/Project4_SimpleProcessor/db/altsyncram_o3a1.tdf Line: 541
        Warning (14320): Synthesized away node "imem:my_imem|altsyncram:altsyncram_component|altsyncram_o3a1:auto_generated|q_a[24]" File: E:/Duke_Materials/22fall/550/Labs/Project4_SimpleProcessor/db/altsyncram_o3a1.tdf Line: 563
        Warning (14320): Synthesized away node "imem:my_imem|altsyncram:altsyncram_component|altsyncram_o3a1:auto_generated|q_a[25]" File: E:/Duke_Materials/22fall/550/Labs/Project4_SimpleProcessor/db/altsyncram_o3a1.tdf Line: 585
        Warning (14320): Synthesized away node "imem:my_imem|altsyncram:altsyncram_component|altsyncram_o3a1:auto_generated|q_a[26]" File: E:/Duke_Materials/22fall/550/Labs/Project4_SimpleProcessor/db/altsyncram_o3a1.tdf Line: 607
        Warning (14320): Synthesized away node "imem:my_imem|altsyncram:altsyncram_component|altsyncram_o3a1:auto_generated|q_a[27]" File: E:/Duke_Materials/22fall/550/Labs/Project4_SimpleProcessor/db/altsyncram_o3a1.tdf Line: 629
        Warning (14320): Synthesized away node "imem:my_imem|altsyncram:altsyncram_component|altsyncram_o3a1:auto_generated|q_a[28]" File: E:/Duke_Materials/22fall/550/Labs/Project4_SimpleProcessor/db/altsyncram_o3a1.tdf Line: 651
        Warning (14320): Synthesized away node "imem:my_imem|altsyncram:altsyncram_component|altsyncram_o3a1:auto_generated|q_a[29]" File: E:/Duke_Materials/22fall/550/Labs/Project4_SimpleProcessor/db/altsyncram_o3a1.tdf Line: 673
        Warning (14320): Synthesized away node "imem:my_imem|altsyncram:altsyncram_component|altsyncram_o3a1:auto_generated|q_a[30]" File: E:/Duke_Materials/22fall/550/Labs/Project4_SimpleProcessor/db/altsyncram_o3a1.tdf Line: 695
        Warning (14320): Synthesized away node "imem:my_imem|altsyncram:altsyncram_component|altsyncram_o3a1:auto_generated|q_a[31]" File: E:/Duke_Materials/22fall/550/Labs/Project4_SimpleProcessor/db/altsyncram_o3a1.tdf Line: 717
Info (286030): Timing-Driven Synthesis is running
Info (17049): 12 registers lost all their fanouts during netlist optimizations.
Info (144001): Generated suppressed messages file E:/Duke_Materials/22fall/550/Labs/Project4_SimpleProcessor/output_files/processor.map.smsg
Info (16010): Generating hard_block partition "hard_block:auto_generated_inst"
    Info (16011): Adding 0 node(s), including 0 DDIO, 0 PLL, 0 transceiver and 0 LCELL
Info (21057): Implemented 8 device resources after synthesis - the final resource count might be different
    Info (21058): Implemented 2 input pins
    Info (21059): Implemented 4 output pins
    Info (21061): Implemented 2 logic cells
Info: Quartus Prime Analysis & Synthesis was successful. 0 errors, 72 warnings
    Info: Peak virtual memory: 4777 megabytes
    Info: Processing ended: Thu Nov 17 12:59:16 2022
    Info: Elapsed time: 00:00:18
    Info: Total CPU time (on all processors): 00:00:21


+------------------------------------------+
; Analysis & Synthesis Suppressed Messages ;
+------------------------------------------+
The suppressed messages can be found in E:/Duke_Materials/22fall/550/Labs/Project4_SimpleProcessor/output_files/processor.map.smsg.


